\BOOKMARK [1][-]{section.1}{ Meeting Time and Location}{}% 1
\BOOKMARK [1][-]{section.2}{ Instructor}{}% 2
\BOOKMARK [1][-]{section.3}{ Teaching Assistant}{}% 3
\BOOKMARK [1][-]{section.4}{ Course Description}{}% 4
\BOOKMARK [1][-]{section.5}{ Learning Outcomes}{}% 5
\BOOKMARK [1][-]{section.6}{ Textbook}{}% 6
\BOOKMARK [1][-]{section.7}{ Average Minimum Amount of Out-Of-Class or Independent Learning Expected Per Week}{}% 7
\BOOKMARK [1][-]{section.8}{ Homework}{}% 8
\BOOKMARK [1][-]{section.9}{ Final Project}{}% 9
\BOOKMARK [2][-]{subsection.9.1}{ Deliverables}{section.9}% 10
\BOOKMARK [2][-]{subsection.9.2}{ Proposal}{section.9}% 11
\BOOKMARK [2][-]{subsection.9.3}{ Data and Code}{section.9}% 12
\BOOKMARK [2][-]{subsection.9.4}{ Final Report}{section.9}% 13
\BOOKMARK [2][-]{subsection.9.5}{ Presentation}{section.9}% 14
\BOOKMARK [1][-]{section.10}{ Submission}{}% 15
\BOOKMARK [1][-]{section.11}{ Grading Scheme}{}% 16
\BOOKMARK [1][-]{section.12}{ Grade Appeals}{}% 17
\BOOKMARK [1][-]{section.13}{ Letter Grade Distribution}{}% 18
\BOOKMARK [1][-]{section.14}{ University Policies}{}% 19
\BOOKMARK [2][-]{subsection.14.1}{ University Policy on Observance of Religious Holidays}{section.14}% 20
\BOOKMARK [2][-]{subsection.14.2}{ Academic Integrity Code}{section.14}% 21
\BOOKMARK [2][-]{subsection.14.3}{ Safety and Security}{section.14}% 22
\BOOKMARK [1][-]{section.15}{ Support for Students Outside the Classroom}{}% 23
\BOOKMARK [2][-]{subsection.15.1}{ Disability Support Services \(DSS\)}{section.15}% 24
\BOOKMARK [2][-]{subsection.15.2}{ Mental Health Services 202-994-5300}{section.15}% 25
\BOOKMARK [1][-]{section.16}{ Tentative Schedule}{}% 26
